2025-05-06 13:02:08 [[31merror[39m]: TokenExpiredError: jwt expired
    at /Volumes/Office/Mine/proposal-writer/server/node_modules/jsonwebtoken/verify.js:190:21
    at getSecret (/Volumes/Office/Mine/proposal-writer/server/node_modules/jsonwebtoken/verify.js:97:14)
    at module.exports [as verify] (/Volumes/Office/Mine/proposal-writer/server/node_modules/jsonwebtoken/verify.js:101:10)
    at auth (/Volumes/Office/Mine/proposal-writer/server/middleware/auth.js:14:25)
    at Layer.handleRequest (/Volumes/Office/Mine/proposal-writer/server/node_modules/router/lib/layer.js:152:17)
    at next (/Volumes/Office/Mine/proposal-writer/server/node_modules/router/lib/route.js:157:13)
    at Route.dispatch (/Volumes/Office/Mine/proposal-writer/server/node_modules/router/lib/route.js:117:3)
    at handle (/Volumes/Office/Mine/proposal-writer/server/node_modules/router/index.js:435:11)
    at Layer.handleRequest (/Volumes/Office/Mine/proposal-writer/server/node_modules/router/lib/layer.js:152:17)
    at /Volumes/Office/Mine/proposal-writer/server/node_modules/router/index.js:295:15
    at processParams (/Volumes/Office/Mine/proposal-writer/server/node_modules/router/index.js:582:12)
    at next (/Volumes/Office/Mine/proposal-writer/server/node_modules/router/index.js:291:5)
    at Function.handle (/Volumes/Office/Mine/proposal-writer/server/node_modules/router/index.js:186:3)
    at router (/Volumes/Office/Mine/proposal-writer/server/node_modules/router/index.js:60:12)
    at Layer.handleRequest (/Volumes/Office/Mine/proposal-writer/server/node_modules/router/lib/layer.js:152:17)
    at trimPrefix (/Volumes/Office/Mine/proposal-writer/server/node_modules/router/index.js:342:13)
2025-05-06 13:02:08 [[31merror[39m]: TokenExpiredError: jwt expired
    at /Volumes/Office/Mine/proposal-writer/server/node_modules/jsonwebtoken/verify.js:190:21
    at getSecret (/Volumes/Office/Mine/proposal-writer/server/node_modules/jsonwebtoken/verify.js:97:14)
    at module.exports [as verify] (/Volumes/Office/Mine/proposal-writer/server/node_modules/jsonwebtoken/verify.js:101:10)
    at auth (/Volumes/Office/Mine/proposal-writer/server/middleware/auth.js:14:25)
    at Layer.handleRequest (/Volumes/Office/Mine/proposal-writer/server/node_modules/router/lib/layer.js:152:17)
    at next (/Volumes/Office/Mine/proposal-writer/server/node_modules/router/lib/route.js:157:13)
    at Route.dispatch (/Volumes/Office/Mine/proposal-writer/server/node_modules/router/lib/route.js:117:3)
    at handle (/Volumes/Office/Mine/proposal-writer/server/node_modules/router/index.js:435:11)
    at Layer.handleRequest (/Volumes/Office/Mine/proposal-writer/server/node_modules/router/lib/layer.js:152:17)
    at /Volumes/Office/Mine/proposal-writer/server/node_modules/router/index.js:295:15
    at processParams (/Volumes/Office/Mine/proposal-writer/server/node_modules/router/index.js:582:12)
    at next (/Volumes/Office/Mine/proposal-writer/server/node_modules/router/index.js:291:5)
    at Function.handle (/Volumes/Office/Mine/proposal-writer/server/node_modules/router/index.js:186:3)
    at router (/Volumes/Office/Mine/proposal-writer/server/node_modules/router/index.js:60:12)
    at Layer.handleRequest (/Volumes/Office/Mine/proposal-writer/server/node_modules/router/lib/layer.js:152:17)
    at trimPrefix (/Volumes/Office/Mine/proposal-writer/server/node_modules/router/index.js:342:13)
2025-05-06 13:04:05 [[31merror[39m]: Error: Deliverable 6815bea57b871eeed9560500 not found
    at /Volumes/Office/Mine/proposal-writer/server/models/Proposal.js:133:13
    at Proxy.forEach (<anonymous>)
    at model.<anonymous> (/Volumes/Office/Mine/proposal-writer/server/models/Proposal.js:131:22)
    at callMiddlewareFunction (/Volumes/Office/Mine/proposal-writer/server/node_modules/kareem/index.js:628:27)
    at model.next (/Volumes/Office/Mine/proposal-writer/server/node_modules/kareem/index.js:93:7)
    at _next (/Volumes/Office/Mine/proposal-writer/server/node_modules/kareem/index.js:146:10)
    at /Volumes/Office/Mine/proposal-writer/server/node_modules/kareem/index.js:653:30
    at process.processTicksAndRejections (node:internal/process/task_queues:85:11)
2025-05-06 13:04:29 [[31merror[39m]: TypeError: Cannot read properties of undefined (reading 'id')
    at /Volumes/Office/Mine/proposal-writer/server/models/Proposal.js:132:36
    at Proxy.forEach (<anonymous>)
    at model.<anonymous> (/Volumes/Office/Mine/proposal-writer/server/models/Proposal.js:131:22)
    at callMiddlewareFunction (/Volumes/Office/Mine/proposal-writer/server/node_modules/kareem/index.js:628:27)
    at model.next (/Volumes/Office/Mine/proposal-writer/server/node_modules/kareem/index.js:93:7)
    at _next (/Volumes/Office/Mine/proposal-writer/server/node_modules/kareem/index.js:146:10)
    at /Volumes/Office/Mine/proposal-writer/server/node_modules/kareem/index.js:653:30
    at process.processTicksAndRejections (node:internal/process/task_queues:85:11)
2025-05-06 13:06:59 [[31merror[39m]: TypeError: Cannot read properties of undefined (reading 'id')
    at /Volumes/Office/Mine/proposal-writer/server/models/Proposal.js:133:36
    at Proxy.forEach (<anonymous>)
    at model.<anonymous> (/Volumes/Office/Mine/proposal-writer/server/models/Proposal.js:132:22)
    at callMiddlewareFunction (/Volumes/Office/Mine/proposal-writer/server/node_modules/kareem/index.js:628:27)
    at model.next (/Volumes/Office/Mine/proposal-writer/server/node_modules/kareem/index.js:93:7)
    at _next (/Volumes/Office/Mine/proposal-writer/server/node_modules/kareem/index.js:146:10)
    at /Volumes/Office/Mine/proposal-writer/server/node_modules/kareem/index.js:653:30
    at process.processTicksAndRejections (node:internal/process/task_queues:85:11)
2025-05-06 13:08:08 [[31merror[39m]: TypeError: Cannot read properties of undefined (reading 'id')
    at /Volumes/Office/Mine/proposal-writer/server/models/Proposal.js:133:36
    at Proxy.forEach (<anonymous>)
    at model.<anonymous> (/Volumes/Office/Mine/proposal-writer/server/models/Proposal.js:132:22)
    at callMiddlewareFunction (/Volumes/Office/Mine/proposal-writer/server/node_modules/kareem/index.js:628:27)
    at model.next (/Volumes/Office/Mine/proposal-writer/server/node_modules/kareem/index.js:93:7)
    at _next (/Volumes/Office/Mine/proposal-writer/server/node_modules/kareem/index.js:146:10)
    at /Volumes/Office/Mine/proposal-writer/server/node_modules/kareem/index.js:653:30
    at process.processTicksAndRejections (node:internal/process/task_queues:85:11)
2025-05-06 13:09:29 [[31merror[39m]: Error: Deliverable 6815bea57b871eeed9560500 not found
    at /Volumes/Office/Mine/proposal-writer/server/models/Proposal.js:134:13
    at Proxy.forEach (<anonymous>)
    at model.<anonymous> (/Volumes/Office/Mine/proposal-writer/server/models/Proposal.js:132:22)
    at callMiddlewareFunction (/Volumes/Office/Mine/proposal-writer/server/node_modules/kareem/index.js:628:27)
    at model.next (/Volumes/Office/Mine/proposal-writer/server/node_modules/kareem/index.js:93:7)
    at _next (/Volumes/Office/Mine/proposal-writer/server/node_modules/kareem/index.js:146:10)
    at /Volumes/Office/Mine/proposal-writer/server/node_modules/kareem/index.js:653:30
    at process.processTicksAndRejections (node:internal/process/task_queues:85:11)
2025-05-06 13:15:24 [[31merror[39m]: TypeError: Cannot read properties of undefined (reading 'forEach')
    at model.<anonymous> (/Volumes/Office/Mine/proposal-writer/server/models/Proposal.js:132:21)
    at callMiddlewareFunction (/Volumes/Office/Mine/proposal-writer/server/node_modules/kareem/index.js:628:27)
    at model.next (/Volumes/Office/Mine/proposal-writer/server/node_modules/kareem/index.js:93:7)
    at _next (/Volumes/Office/Mine/proposal-writer/server/node_modules/kareem/index.js:146:10)
    at /Volumes/Office/Mine/proposal-writer/server/node_modules/kareem/index.js:653:30
    at process.processTicksAndRejections (node:internal/process/task_queues:85:11)
2025-05-06 13:15:50 [[31merror[39m]: TypeError: Cannot read properties of undefined (reading 'forEach')
    at model.<anonymous> (/Volumes/Office/Mine/proposal-writer/server/models/Proposal.js:132:29)
    at callMiddlewareFunction (/Volumes/Office/Mine/proposal-writer/server/node_modules/kareem/index.js:628:27)
    at model.next (/Volumes/Office/Mine/proposal-writer/server/node_modules/kareem/index.js:93:7)
    at _next (/Volumes/Office/Mine/proposal-writer/server/node_modules/kareem/index.js:146:10)
    at /Volumes/Office/Mine/proposal-writer/server/node_modules/kareem/index.js:653:30
    at process.processTicksAndRejections (node:internal/process/task_queues:85:11)
2025-05-06 13:16:15 [[31merror[39m]: Error: Deliverable 6815bea57b871eeed9560500 not found
    at /Volumes/Office/Mine/proposal-writer/server/models/Proposal.js:135:13
    at Proxy.forEach (<anonymous>)
    at model.<anonymous> (/Volumes/Office/Mine/proposal-writer/server/models/Proposal.js:133:22)
    at callMiddlewareFunction (/Volumes/Office/Mine/proposal-writer/server/node_modules/kareem/index.js:628:27)
    at model.next (/Volumes/Office/Mine/proposal-writer/server/node_modules/kareem/index.js:93:7)
    at _next (/Volumes/Office/Mine/proposal-writer/server/node_modules/kareem/index.js:146:10)
    at /Volumes/Office/Mine/proposal-writer/server/node_modules/kareem/index.js:653:30
    at process.processTicksAndRejections (node:internal/process/task_queues:85:11)
2025-05-06 13:18:14 [[31merror[39m]: Error: Deliverable 6815bea57b871eeed9560500 not found
    at /Volumes/Office/Mine/proposal-writer/server/models/Proposal.js:135:15
    at Proxy.forEach (<anonymous>)
    at model.<anonymous> (/Volumes/Office/Mine/proposal-writer/server/models/Proposal.js:133:24)
    at callMiddlewareFunction (/Volumes/Office/Mine/proposal-writer/server/node_modules/kareem/index.js:628:27)
    at model.next (/Volumes/Office/Mine/proposal-writer/server/node_modules/kareem/index.js:93:7)
    at _next (/Volumes/Office/Mine/proposal-writer/server/node_modules/kareem/index.js:146:10)
    at /Volumes/Office/Mine/proposal-writer/server/node_modules/kareem/index.js:653:30
    at process.processTicksAndRejections (node:internal/process/task_queues:85:11)
