2025-04-30 22:26:04 [[31merror[39m]: TokenExpiredError: jwt expired
    at /Volumes/Office/Mine/proposal-writer/server/node_modules/jsonwebtoken/verify.js:190:21
    at getSecret (/Volumes/Office/Mine/proposal-writer/server/node_modules/jsonwebtoken/verify.js:97:14)
    at module.exports [as verify] (/Volumes/Office/Mine/proposal-writer/server/node_modules/jsonwebtoken/verify.js:101:10)
    at auth (/Volumes/Office/Mine/proposal-writer/server/middleware/auth.js:13:25)
    at Layer.handleRequest (/Volumes/Office/Mine/proposal-writer/server/node_modules/router/lib/layer.js:152:17)
    at next (/Volumes/Office/Mine/proposal-writer/server/node_modules/router/lib/route.js:157:13)
    at Route.dispatch (/Volumes/Office/Mine/proposal-writer/server/node_modules/router/lib/route.js:117:3)
    at handle (/Volumes/Office/Mine/proposal-writer/server/node_modules/router/index.js:435:11)
    at Layer.handleRequest (/Volumes/Office/Mine/proposal-writer/server/node_modules/router/lib/layer.js:152:17)
    at /Volumes/Office/Mine/proposal-writer/server/node_modules/router/index.js:295:15
    at param (/Volumes/Office/Mine/proposal-writer/server/node_modules/router/index.js:600:14)
    at param (/Volumes/Office/Mine/proposal-writer/server/node_modules/router/index.js:610:14)
    at processParams (/Volumes/Office/Mine/proposal-writer/server/node_modules/router/index.js:664:3)
    at next (/Volumes/Office/Mine/proposal-writer/server/node_modules/router/index.js:291:5)
    at Function.handle (/Volumes/Office/Mine/proposal-writer/server/node_modules/router/index.js:186:3)
    at router (/Volumes/Office/Mine/proposal-writer/server/node_modules/router/index.js:60:12)
2025-04-30 22:30:38 [[31merror[39m]: TokenExpiredError: jwt expired
    at /Volumes/Office/Mine/proposal-writer/server/node_modules/jsonwebtoken/verify.js:190:21
    at getSecret (/Volumes/Office/Mine/proposal-writer/server/node_modules/jsonwebtoken/verify.js:97:14)
    at module.exports [as verify] (/Volumes/Office/Mine/proposal-writer/server/node_modules/jsonwebtoken/verify.js:101:10)
    at auth (/Volumes/Office/Mine/proposal-writer/server/middleware/auth.js:13:25)
    at Layer.handleRequest (/Volumes/Office/Mine/proposal-writer/server/node_modules/router/lib/layer.js:152:17)
    at next (/Volumes/Office/Mine/proposal-writer/server/node_modules/router/lib/route.js:157:13)
    at Route.dispatch (/Volumes/Office/Mine/proposal-writer/server/node_modules/router/lib/route.js:117:3)
    at handle (/Volumes/Office/Mine/proposal-writer/server/node_modules/router/index.js:435:11)
    at Layer.handleRequest (/Volumes/Office/Mine/proposal-writer/server/node_modules/router/lib/layer.js:152:17)
    at /Volumes/Office/Mine/proposal-writer/server/node_modules/router/index.js:295:15
    at param (/Volumes/Office/Mine/proposal-writer/server/node_modules/router/index.js:600:14)
    at param (/Volumes/Office/Mine/proposal-writer/server/node_modules/router/index.js:610:14)
    at processParams (/Volumes/Office/Mine/proposal-writer/server/node_modules/router/index.js:664:3)
    at next (/Volumes/Office/Mine/proposal-writer/server/node_modules/router/index.js:291:5)
    at Function.handle (/Volumes/Office/Mine/proposal-writer/server/node_modules/router/index.js:186:3)
    at router (/Volumes/Office/Mine/proposal-writer/server/node_modules/router/index.js:60:12)
2025-04-30 22:46:05 [[31merror[39m]: CastError: Cast to ObjectId failed for value "undefined" (type string) at path "_id" for model "Proposal"
    at SchemaObjectId.cast (/Volumes/Office/Mine/proposal-writer/server/node_modules/mongoose/lib/schema/objectId.js:251:11)
    at SchemaType.applySetters (/Volumes/Office/Mine/proposal-writer/server/node_modules/mongoose/lib/schemaType.js:1255:12)
    at SchemaType.castForQuery (/Volumes/Office/Mine/proposal-writer/server/node_modules/mongoose/lib/schemaType.js:1673:17)
    at cast (/Volumes/Office/Mine/proposal-writer/server/node_modules/mongoose/lib/cast.js:390:32)
    at Query.cast (/Volumes/Office/Mine/proposal-writer/server/node_modules/mongoose/lib/query.js:4999:12)
    at Query._castConditions (/Volumes/Office/Mine/proposal-writer/server/node_modules/mongoose/lib/query.js:2325:10)
    at model.Query._findOne (/Volumes/Office/Mine/proposal-writer/server/node_modules/mongoose/lib/query.js:2648:8)
    at model.Query.exec (/Volumes/Office/Mine/proposal-writer/server/node_modules/mongoose/lib/query.js:4548:80)
    at process.processTicksAndRejections (node:internal/process/task_queues:105:5)
    at async /Volumes/Office/Mine/proposal-writer/server/routes/proposals.js:96:24
2025-04-30 22:46:13 [[31merror[39m]: CastError: Cast to ObjectId failed for value "undefined" (type string) at path "_id" for model "Proposal"
    at SchemaObjectId.cast (/Volumes/Office/Mine/proposal-writer/server/node_modules/mongoose/lib/schema/objectId.js:251:11)
    at SchemaType.applySetters (/Volumes/Office/Mine/proposal-writer/server/node_modules/mongoose/lib/schemaType.js:1255:12)
    at SchemaType.castForQuery (/Volumes/Office/Mine/proposal-writer/server/node_modules/mongoose/lib/schemaType.js:1673:17)
    at cast (/Volumes/Office/Mine/proposal-writer/server/node_modules/mongoose/lib/cast.js:390:32)
    at Query.cast (/Volumes/Office/Mine/proposal-writer/server/node_modules/mongoose/lib/query.js:4999:12)
    at Query._castConditions (/Volumes/Office/Mine/proposal-writer/server/node_modules/mongoose/lib/query.js:2325:10)
    at model.Query._findOne (/Volumes/Office/Mine/proposal-writer/server/node_modules/mongoose/lib/query.js:2648:8)
    at model.Query.exec (/Volumes/Office/Mine/proposal-writer/server/node_modules/mongoose/lib/query.js:4548:80)
    at process.processTicksAndRejections (node:internal/process/task_queues:105:5)
    at async /Volumes/Office/Mine/proposal-writer/server/routes/proposals.js:96:24
