2025-05-01 10:37:15 [[31merror[39m]: CastError: Cast to ObjectId failed for value "undefined" (type string) at path "_id" for model "Proposal"
    at SchemaObjectId.cast (/Volumes/Office/Mine/proposal-writer/server/node_modules/mongoose/lib/schema/objectId.js:251:11)
    at SchemaType.applySetters (/Volumes/Office/Mine/proposal-writer/server/node_modules/mongoose/lib/schemaType.js:1255:12)
    at SchemaType.castForQuery (/Volumes/Office/Mine/proposal-writer/server/node_modules/mongoose/lib/schemaType.js:1673:17)
    at cast (/Volumes/Office/Mine/proposal-writer/server/node_modules/mongoose/lib/cast.js:390:32)
    at Query.cast (/Volumes/Office/Mine/proposal-writer/server/node_modules/mongoose/lib/query.js:4999:12)
    at Query._castConditions (/Volumes/Office/Mine/proposal-writer/server/node_modules/mongoose/lib/query.js:2325:10)
    at model.Query._findOne (/Volumes/Office/Mine/proposal-writer/server/node_modules/mongoose/lib/query.js:2648:8)
    at model.Query.exec (/Volumes/Office/Mine/proposal-writer/server/node_modules/mongoose/lib/query.js:4548:80)
    at process.processTicksAndRejections (node:internal/process/task_queues:105:5)
    at async /Volumes/Office/Mine/proposal-writer/server/routes/proposals.js:42:22
2025-05-01 10:37:29 [[31merror[39m]: CastError: Cast to ObjectId failed for value "undefined" (type string) at path "_id" for model "Proposal"
    at SchemaObjectId.cast (/Volumes/Office/Mine/proposal-writer/server/node_modules/mongoose/lib/schema/objectId.js:251:11)
    at SchemaType.applySetters (/Volumes/Office/Mine/proposal-writer/server/node_modules/mongoose/lib/schemaType.js:1255:12)
    at SchemaType.castForQuery (/Volumes/Office/Mine/proposal-writer/server/node_modules/mongoose/lib/schemaType.js:1673:17)
    at cast (/Volumes/Office/Mine/proposal-writer/server/node_modules/mongoose/lib/cast.js:390:32)
    at Query.cast (/Volumes/Office/Mine/proposal-writer/server/node_modules/mongoose/lib/query.js:4999:12)
    at Query._castConditions (/Volumes/Office/Mine/proposal-writer/server/node_modules/mongoose/lib/query.js:2325:10)
    at model.Query._findOne (/Volumes/Office/Mine/proposal-writer/server/node_modules/mongoose/lib/query.js:2648:8)
    at model.Query.exec (/Volumes/Office/Mine/proposal-writer/server/node_modules/mongoose/lib/query.js:4548:80)
    at process.processTicksAndRejections (node:internal/process/task_queues:105:5)
    at async /Volumes/Office/Mine/proposal-writer/server/routes/proposals.js:42:22
2025-05-01 10:37:29 [[31merror[39m]: CastError: Cast to ObjectId failed for value "undefined" (type string) at path "_id" for model "Proposal"
    at SchemaObjectId.cast (/Volumes/Office/Mine/proposal-writer/server/node_modules/mongoose/lib/schema/objectId.js:251:11)
    at SchemaType.applySetters (/Volumes/Office/Mine/proposal-writer/server/node_modules/mongoose/lib/schemaType.js:1255:12)
    at SchemaType.castForQuery (/Volumes/Office/Mine/proposal-writer/server/node_modules/mongoose/lib/schemaType.js:1673:17)
    at cast (/Volumes/Office/Mine/proposal-writer/server/node_modules/mongoose/lib/cast.js:390:32)
    at Query.cast (/Volumes/Office/Mine/proposal-writer/server/node_modules/mongoose/lib/query.js:4999:12)
    at Query._castConditions (/Volumes/Office/Mine/proposal-writer/server/node_modules/mongoose/lib/query.js:2325:10)
    at model.Query._findOne (/Volumes/Office/Mine/proposal-writer/server/node_modules/mongoose/lib/query.js:2648:8)
    at model.Query.exec (/Volumes/Office/Mine/proposal-writer/server/node_modules/mongoose/lib/query.js:4548:80)
    at process.processTicksAndRejections (node:internal/process/task_queues:105:5)
    at async /Volumes/Office/Mine/proposal-writer/server/routes/proposals.js:42:22
2025-05-01 10:37:40 [[31merror[39m]: CastError: Cast to ObjectId failed for value "undefined" (type string) at path "_id" for model "Proposal"
    at SchemaObjectId.cast (/Volumes/Office/Mine/proposal-writer/server/node_modules/mongoose/lib/schema/objectId.js:251:11)
    at SchemaType.applySetters (/Volumes/Office/Mine/proposal-writer/server/node_modules/mongoose/lib/schemaType.js:1255:12)
    at SchemaType.castForQuery (/Volumes/Office/Mine/proposal-writer/server/node_modules/mongoose/lib/schemaType.js:1673:17)
    at cast (/Volumes/Office/Mine/proposal-writer/server/node_modules/mongoose/lib/cast.js:390:32)
    at Query.cast (/Volumes/Office/Mine/proposal-writer/server/node_modules/mongoose/lib/query.js:4999:12)
    at Query._castConditions (/Volumes/Office/Mine/proposal-writer/server/node_modules/mongoose/lib/query.js:2325:10)
    at model.Query._findOne (/Volumes/Office/Mine/proposal-writer/server/node_modules/mongoose/lib/query.js:2648:8)
    at model.Query.exec (/Volumes/Office/Mine/proposal-writer/server/node_modules/mongoose/lib/query.js:4548:80)
    at process.processTicksAndRejections (node:internal/process/task_queues:105:5)
    at async /Volumes/Office/Mine/proposal-writer/server/routes/proposals.js:42:22
2025-05-01 10:37:40 [[31merror[39m]: CastError: Cast to ObjectId failed for value "undefined" (type string) at path "_id" for model "Proposal"
    at SchemaObjectId.cast (/Volumes/Office/Mine/proposal-writer/server/node_modules/mongoose/lib/schema/objectId.js:251:11)
    at SchemaType.applySetters (/Volumes/Office/Mine/proposal-writer/server/node_modules/mongoose/lib/schemaType.js:1255:12)
    at SchemaType.castForQuery (/Volumes/Office/Mine/proposal-writer/server/node_modules/mongoose/lib/schemaType.js:1673:17)
    at cast (/Volumes/Office/Mine/proposal-writer/server/node_modules/mongoose/lib/cast.js:390:32)
    at Query.cast (/Volumes/Office/Mine/proposal-writer/server/node_modules/mongoose/lib/query.js:4999:12)
    at Query._castConditions (/Volumes/Office/Mine/proposal-writer/server/node_modules/mongoose/lib/query.js:2325:10)
    at model.Query._findOne (/Volumes/Office/Mine/proposal-writer/server/node_modules/mongoose/lib/query.js:2648:8)
    at model.Query.exec (/Volumes/Office/Mine/proposal-writer/server/node_modules/mongoose/lib/query.js:4548:80)
    at process.processTicksAndRejections (node:internal/process/task_queues:105:5)
    at async /Volumes/Office/Mine/proposal-writer/server/routes/proposals.js:42:22
2025-05-01 10:41:38 [[31merror[39m]: CastError: Cast to ObjectId failed for value "undefined" (type string) at path "_id" for model "Proposal"
    at SchemaObjectId.cast (/Volumes/Office/Mine/proposal-writer/server/node_modules/mongoose/lib/schema/objectId.js:251:11)
    at SchemaType.applySetters (/Volumes/Office/Mine/proposal-writer/server/node_modules/mongoose/lib/schemaType.js:1255:12)
    at SchemaType.castForQuery (/Volumes/Office/Mine/proposal-writer/server/node_modules/mongoose/lib/schemaType.js:1673:17)
    at cast (/Volumes/Office/Mine/proposal-writer/server/node_modules/mongoose/lib/cast.js:390:32)
    at Query.cast (/Volumes/Office/Mine/proposal-writer/server/node_modules/mongoose/lib/query.js:4999:12)
    at Query._castConditions (/Volumes/Office/Mine/proposal-writer/server/node_modules/mongoose/lib/query.js:2325:10)
    at model.Query._findOne (/Volumes/Office/Mine/proposal-writer/server/node_modules/mongoose/lib/query.js:2648:8)
    at model.Query.exec (/Volumes/Office/Mine/proposal-writer/server/node_modules/mongoose/lib/query.js:4548:80)
    at process.processTicksAndRejections (node:internal/process/task_queues:105:5)
    at async /Volumes/Office/Mine/proposal-writer/server/routes/proposals.js:42:22
2025-05-01 10:41:38 [[31merror[39m]: CastError: Cast to ObjectId failed for value "undefined" (type string) at path "_id" for model "Proposal"
    at SchemaObjectId.cast (/Volumes/Office/Mine/proposal-writer/server/node_modules/mongoose/lib/schema/objectId.js:251:11)
    at SchemaType.applySetters (/Volumes/Office/Mine/proposal-writer/server/node_modules/mongoose/lib/schemaType.js:1255:12)
    at SchemaType.castForQuery (/Volumes/Office/Mine/proposal-writer/server/node_modules/mongoose/lib/schemaType.js:1673:17)
    at cast (/Volumes/Office/Mine/proposal-writer/server/node_modules/mongoose/lib/cast.js:390:32)
    at Query.cast (/Volumes/Office/Mine/proposal-writer/server/node_modules/mongoose/lib/query.js:4999:12)
    at Query._castConditions (/Volumes/Office/Mine/proposal-writer/server/node_modules/mongoose/lib/query.js:2325:10)
    at model.Query._findOne (/Volumes/Office/Mine/proposal-writer/server/node_modules/mongoose/lib/query.js:2648:8)
    at model.Query.exec (/Volumes/Office/Mine/proposal-writer/server/node_modules/mongoose/lib/query.js:4548:80)
    at process.processTicksAndRejections (node:internal/process/task_queues:105:5)
    at async /Volumes/Office/Mine/proposal-writer/server/routes/proposals.js:42:22
2025-05-01 11:48:11 [[31merror[39m]: TypeError: deleteFileFromStorage is not a function
    at /Volumes/Office/Mine/proposal-writer/server/routes/proposals.js:146:11
    at process.processTicksAndRejections (node:internal/process/task_queues:105:5)
2025-05-01 11:49:23 [[31merror[39m]: ReferenceError: require is not defined
    at deleteFileFromStorage (file:///Volumes/Office/Mine/proposal-writer/server/utils/file.js:3:14)
    at /Volumes/Office/Mine/proposal-writer/server/routes/proposals.js:146:11
    at process.processTicksAndRejections (node:internal/process/task_queues:105:5)
2025-05-01 11:52:11 [[31merror[39m]: ReferenceError: require is not defined
    at deleteFileFromStorage (file:///Volumes/Office/Mine/proposal-writer/server/utils/file.js:6:5)
    at /Volumes/Office/Mine/proposal-writer/server/routes/proposals.js:146:11
    at process.processTicksAndRejections (node:internal/process/task_queues:105:5)
2025-05-01 12:29:04 [[31merror[39m]: CastError: Cast to ObjectId failed for value "undefined" (type string) at path "_id" for model "Proposal"
    at SchemaObjectId.cast (/Volumes/Office/Mine/proposal-writer/server/node_modules/mongoose/lib/schema/objectId.js:251:11)
    at SchemaType.applySetters (/Volumes/Office/Mine/proposal-writer/server/node_modules/mongoose/lib/schemaType.js:1255:12)
    at SchemaType.castForQuery (/Volumes/Office/Mine/proposal-writer/server/node_modules/mongoose/lib/schemaType.js:1673:17)
    at cast (/Volumes/Office/Mine/proposal-writer/server/node_modules/mongoose/lib/cast.js:390:32)
    at Query.cast (/Volumes/Office/Mine/proposal-writer/server/node_modules/mongoose/lib/query.js:4999:12)
    at Query._castConditions (/Volumes/Office/Mine/proposal-writer/server/node_modules/mongoose/lib/query.js:2325:10)
    at model.Query._findOneAndUpdate (/Volumes/Office/Mine/proposal-writer/server/node_modules/mongoose/lib/query.js:3418:8)
    at model.Query.exec (/Volumes/Office/Mine/proposal-writer/server/node_modules/mongoose/lib/query.js:4548:80)
    at process.processTicksAndRejections (node:internal/process/task_queues:105:5)
    at async /Volumes/Office/Mine/proposal-writer/server/routes/ai.js:14:22
2025-05-01 12:29:08 [[31merror[39m]: CastError: Cast to ObjectId failed for value "undefined" (type string) at path "_id" for model "Proposal"
    at SchemaObjectId.cast (/Volumes/Office/Mine/proposal-writer/server/node_modules/mongoose/lib/schema/objectId.js:251:11)
    at SchemaType.applySetters (/Volumes/Office/Mine/proposal-writer/server/node_modules/mongoose/lib/schemaType.js:1255:12)
    at SchemaType.castForQuery (/Volumes/Office/Mine/proposal-writer/server/node_modules/mongoose/lib/schemaType.js:1673:17)
    at cast (/Volumes/Office/Mine/proposal-writer/server/node_modules/mongoose/lib/cast.js:390:32)
    at Query.cast (/Volumes/Office/Mine/proposal-writer/server/node_modules/mongoose/lib/query.js:4999:12)
    at Query._castConditions (/Volumes/Office/Mine/proposal-writer/server/node_modules/mongoose/lib/query.js:2325:10)
    at model.Query._findOneAndUpdate (/Volumes/Office/Mine/proposal-writer/server/node_modules/mongoose/lib/query.js:3418:8)
    at model.Query.exec (/Volumes/Office/Mine/proposal-writer/server/node_modules/mongoose/lib/query.js:4548:80)
    at process.processTicksAndRejections (node:internal/process/task_queues:105:5)
    at async /Volumes/Office/Mine/proposal-writer/server/routes/ai.js:14:22
2025-05-01 12:29:16 [[31merror[39m]: CastError: Cast to ObjectId failed for value "undefined" (type string) at path "_id" for model "Proposal"
    at SchemaObjectId.cast (/Volumes/Office/Mine/proposal-writer/server/node_modules/mongoose/lib/schema/objectId.js:251:11)
    at SchemaType.applySetters (/Volumes/Office/Mine/proposal-writer/server/node_modules/mongoose/lib/schemaType.js:1255:12)
    at SchemaType.castForQuery (/Volumes/Office/Mine/proposal-writer/server/node_modules/mongoose/lib/schemaType.js:1673:17)
    at cast (/Volumes/Office/Mine/proposal-writer/server/node_modules/mongoose/lib/cast.js:390:32)
    at Query.cast (/Volumes/Office/Mine/proposal-writer/server/node_modules/mongoose/lib/query.js:4999:12)
    at Query._castConditions (/Volumes/Office/Mine/proposal-writer/server/node_modules/mongoose/lib/query.js:2325:10)
    at model.Query._findOneAndUpdate (/Volumes/Office/Mine/proposal-writer/server/node_modules/mongoose/lib/query.js:3418:8)
    at model.Query.exec (/Volumes/Office/Mine/proposal-writer/server/node_modules/mongoose/lib/query.js:4548:80)
    at process.processTicksAndRejections (node:internal/process/task_queues:105:5)
    at async /Volumes/Office/Mine/proposal-writer/server/routes/ai.js:14:22
2025-05-01 12:33:20 [[31merror[39m]: CastError: Cast to ObjectId failed for value "[object Object]" (type string) at path "_id" for model "Proposal"
    at SchemaObjectId.cast (/Volumes/Office/Mine/proposal-writer/server/node_modules/mongoose/lib/schema/objectId.js:251:11)
    at SchemaType.applySetters (/Volumes/Office/Mine/proposal-writer/server/node_modules/mongoose/lib/schemaType.js:1255:12)
    at SchemaType.castForQuery (/Volumes/Office/Mine/proposal-writer/server/node_modules/mongoose/lib/schemaType.js:1673:17)
    at cast (/Volumes/Office/Mine/proposal-writer/server/node_modules/mongoose/lib/cast.js:390:32)
    at Query.cast (/Volumes/Office/Mine/proposal-writer/server/node_modules/mongoose/lib/query.js:4999:12)
    at Query._castConditions (/Volumes/Office/Mine/proposal-writer/server/node_modules/mongoose/lib/query.js:2325:10)
    at model.Query._findOne (/Volumes/Office/Mine/proposal-writer/server/node_modules/mongoose/lib/query.js:2648:8)
    at model.Query.exec (/Volumes/Office/Mine/proposal-writer/server/node_modules/mongoose/lib/query.js:4548:80)
    at process.processTicksAndRejections (node:internal/process/task_queues:105:5)
    at async /Volumes/Office/Mine/proposal-writer/server/routes/proposals.js:43:22
2025-05-01 12:33:20 [[31merror[39m]: CastError: Cast to ObjectId failed for value "[object Object]" (type string) at path "_id" for model "Proposal"
    at SchemaObjectId.cast (/Volumes/Office/Mine/proposal-writer/server/node_modules/mongoose/lib/schema/objectId.js:251:11)
    at SchemaType.applySetters (/Volumes/Office/Mine/proposal-writer/server/node_modules/mongoose/lib/schemaType.js:1255:12)
    at SchemaType.castForQuery (/Volumes/Office/Mine/proposal-writer/server/node_modules/mongoose/lib/schemaType.js:1673:17)
    at cast (/Volumes/Office/Mine/proposal-writer/server/node_modules/mongoose/lib/cast.js:390:32)
    at Query.cast (/Volumes/Office/Mine/proposal-writer/server/node_modules/mongoose/lib/query.js:4999:12)
    at Query._castConditions (/Volumes/Office/Mine/proposal-writer/server/node_modules/mongoose/lib/query.js:2325:10)
    at model.Query._findOne (/Volumes/Office/Mine/proposal-writer/server/node_modules/mongoose/lib/query.js:2648:8)
    at model.Query.exec (/Volumes/Office/Mine/proposal-writer/server/node_modules/mongoose/lib/query.js:4548:80)
    at process.processTicksAndRejections (node:internal/process/task_queues:105:5)
    at async /Volumes/Office/Mine/proposal-writer/server/routes/proposals.js:43:22
2025-05-01 12:33:23 [[31merror[39m]: CastError: Cast to ObjectId failed for value "[object Object]" (type string) at path "_id" for model "Proposal"
    at SchemaObjectId.cast (/Volumes/Office/Mine/proposal-writer/server/node_modules/mongoose/lib/schema/objectId.js:251:11)
    at SchemaType.applySetters (/Volumes/Office/Mine/proposal-writer/server/node_modules/mongoose/lib/schemaType.js:1255:12)
    at SchemaType.castForQuery (/Volumes/Office/Mine/proposal-writer/server/node_modules/mongoose/lib/schemaType.js:1673:17)
    at cast (/Volumes/Office/Mine/proposal-writer/server/node_modules/mongoose/lib/cast.js:390:32)
    at Query.cast (/Volumes/Office/Mine/proposal-writer/server/node_modules/mongoose/lib/query.js:4999:12)
    at Query._castConditions (/Volumes/Office/Mine/proposal-writer/server/node_modules/mongoose/lib/query.js:2325:10)
    at model.Query._findOne (/Volumes/Office/Mine/proposal-writer/server/node_modules/mongoose/lib/query.js:2648:8)
    at model.Query.exec (/Volumes/Office/Mine/proposal-writer/server/node_modules/mongoose/lib/query.js:4548:80)
    at process.processTicksAndRejections (node:internal/process/task_queues:105:5)
    at async /Volumes/Office/Mine/proposal-writer/server/routes/proposals.js:43:22
2025-05-01 12:33:23 [[31merror[39m]: CastError: Cast to ObjectId failed for value "[object Object]" (type string) at path "_id" for model "Proposal"
    at SchemaObjectId.cast (/Volumes/Office/Mine/proposal-writer/server/node_modules/mongoose/lib/schema/objectId.js:251:11)
    at SchemaType.applySetters (/Volumes/Office/Mine/proposal-writer/server/node_modules/mongoose/lib/schemaType.js:1255:12)
    at SchemaType.castForQuery (/Volumes/Office/Mine/proposal-writer/server/node_modules/mongoose/lib/schemaType.js:1673:17)
    at cast (/Volumes/Office/Mine/proposal-writer/server/node_modules/mongoose/lib/cast.js:390:32)
    at Query.cast (/Volumes/Office/Mine/proposal-writer/server/node_modules/mongoose/lib/query.js:4999:12)
    at Query._castConditions (/Volumes/Office/Mine/proposal-writer/server/node_modules/mongoose/lib/query.js:2325:10)
    at model.Query._findOne (/Volumes/Office/Mine/proposal-writer/server/node_modules/mongoose/lib/query.js:2648:8)
    at model.Query.exec (/Volumes/Office/Mine/proposal-writer/server/node_modules/mongoose/lib/query.js:4548:80)
    at process.processTicksAndRejections (node:internal/process/task_queues:105:5)
    at async /Volumes/Office/Mine/proposal-writer/server/routes/proposals.js:43:22
2025-05-01 12:34:22 [[31merror[39m]: CastError: Cast to ObjectId failed for value "[object Object]" (type string) at path "_id" for model "Proposal"
    at SchemaObjectId.cast (/Volumes/Office/Mine/proposal-writer/server/node_modules/mongoose/lib/schema/objectId.js:251:11)
    at SchemaType.applySetters (/Volumes/Office/Mine/proposal-writer/server/node_modules/mongoose/lib/schemaType.js:1255:12)
    at SchemaType.castForQuery (/Volumes/Office/Mine/proposal-writer/server/node_modules/mongoose/lib/schemaType.js:1673:17)
    at cast (/Volumes/Office/Mine/proposal-writer/server/node_modules/mongoose/lib/cast.js:390:32)
    at Query.cast (/Volumes/Office/Mine/proposal-writer/server/node_modules/mongoose/lib/query.js:4999:12)
    at Query._castConditions (/Volumes/Office/Mine/proposal-writer/server/node_modules/mongoose/lib/query.js:2325:10)
    at model.Query._findOne (/Volumes/Office/Mine/proposal-writer/server/node_modules/mongoose/lib/query.js:2648:8)
    at model.Query.exec (/Volumes/Office/Mine/proposal-writer/server/node_modules/mongoose/lib/query.js:4548:80)
    at process.processTicksAndRejections (node:internal/process/task_queues:105:5)
    at async /Volumes/Office/Mine/proposal-writer/server/routes/proposals.js:43:22
2025-05-01 12:34:22 [[31merror[39m]: CastError: Cast to ObjectId failed for value "[object Object]" (type string) at path "_id" for model "Proposal"
    at SchemaObjectId.cast (/Volumes/Office/Mine/proposal-writer/server/node_modules/mongoose/lib/schema/objectId.js:251:11)
    at SchemaType.applySetters (/Volumes/Office/Mine/proposal-writer/server/node_modules/mongoose/lib/schemaType.js:1255:12)
    at SchemaType.castForQuery (/Volumes/Office/Mine/proposal-writer/server/node_modules/mongoose/lib/schemaType.js:1673:17)
    at cast (/Volumes/Office/Mine/proposal-writer/server/node_modules/mongoose/lib/cast.js:390:32)
    at Query.cast (/Volumes/Office/Mine/proposal-writer/server/node_modules/mongoose/lib/query.js:4999:12)
    at Query._castConditions (/Volumes/Office/Mine/proposal-writer/server/node_modules/mongoose/lib/query.js:2325:10)
    at model.Query._findOne (/Volumes/Office/Mine/proposal-writer/server/node_modules/mongoose/lib/query.js:2648:8)
    at model.Query.exec (/Volumes/Office/Mine/proposal-writer/server/node_modules/mongoose/lib/query.js:4548:80)
    at process.processTicksAndRejections (node:internal/process/task_queues:105:5)
    at async /Volumes/Office/Mine/proposal-writer/server/routes/proposals.js:43:22
2025-05-01 12:34:44 [[31merror[39m]: CastError: Cast to ObjectId failed for value "[object Object]" (type string) at path "_id" for model "Proposal"
    at SchemaObjectId.cast (/Volumes/Office/Mine/proposal-writer/server/node_modules/mongoose/lib/schema/objectId.js:251:11)
    at SchemaType.applySetters (/Volumes/Office/Mine/proposal-writer/server/node_modules/mongoose/lib/schemaType.js:1255:12)
    at SchemaType.castForQuery (/Volumes/Office/Mine/proposal-writer/server/node_modules/mongoose/lib/schemaType.js:1673:17)
    at cast (/Volumes/Office/Mine/proposal-writer/server/node_modules/mongoose/lib/cast.js:390:32)
    at Query.cast (/Volumes/Office/Mine/proposal-writer/server/node_modules/mongoose/lib/query.js:4999:12)
    at Query._castConditions (/Volumes/Office/Mine/proposal-writer/server/node_modules/mongoose/lib/query.js:2325:10)
    at model.Query._findOne (/Volumes/Office/Mine/proposal-writer/server/node_modules/mongoose/lib/query.js:2648:8)
    at model.Query.exec (/Volumes/Office/Mine/proposal-writer/server/node_modules/mongoose/lib/query.js:4548:80)
    at process.processTicksAndRejections (node:internal/process/task_queues:105:5)
    at async /Volumes/Office/Mine/proposal-writer/server/routes/proposals.js:43:22
2025-05-01 12:34:44 [[31merror[39m]: CastError: Cast to ObjectId failed for value "[object Object]" (type string) at path "_id" for model "Proposal"
    at SchemaObjectId.cast (/Volumes/Office/Mine/proposal-writer/server/node_modules/mongoose/lib/schema/objectId.js:251:11)
    at SchemaType.applySetters (/Volumes/Office/Mine/proposal-writer/server/node_modules/mongoose/lib/schemaType.js:1255:12)
    at SchemaType.castForQuery (/Volumes/Office/Mine/proposal-writer/server/node_modules/mongoose/lib/schemaType.js:1673:17)
    at cast (/Volumes/Office/Mine/proposal-writer/server/node_modules/mongoose/lib/cast.js:390:32)
    at Query.cast (/Volumes/Office/Mine/proposal-writer/server/node_modules/mongoose/lib/query.js:4999:12)
    at Query._castConditions (/Volumes/Office/Mine/proposal-writer/server/node_modules/mongoose/lib/query.js:2325:10)
    at model.Query._findOne (/Volumes/Office/Mine/proposal-writer/server/node_modules/mongoose/lib/query.js:2648:8)
    at model.Query.exec (/Volumes/Office/Mine/proposal-writer/server/node_modules/mongoose/lib/query.js:4548:80)
    at process.processTicksAndRejections (node:internal/process/task_queues:105:5)
    at async /Volumes/Office/Mine/proposal-writer/server/routes/proposals.js:43:22
2025-05-01 12:35:01 [[31merror[39m]: CastError: Cast to ObjectId failed for value "[object Object]" (type string) at path "_id" for model "Proposal"
    at SchemaObjectId.cast (/Volumes/Office/Mine/proposal-writer/server/node_modules/mongoose/lib/schema/objectId.js:251:11)
    at SchemaType.applySetters (/Volumes/Office/Mine/proposal-writer/server/node_modules/mongoose/lib/schemaType.js:1255:12)
    at SchemaType.castForQuery (/Volumes/Office/Mine/proposal-writer/server/node_modules/mongoose/lib/schemaType.js:1673:17)
    at cast (/Volumes/Office/Mine/proposal-writer/server/node_modules/mongoose/lib/cast.js:390:32)
    at Query.cast (/Volumes/Office/Mine/proposal-writer/server/node_modules/mongoose/lib/query.js:4999:12)
    at Query._castConditions (/Volumes/Office/Mine/proposal-writer/server/node_modules/mongoose/lib/query.js:2325:10)
    at model.Query._findOne (/Volumes/Office/Mine/proposal-writer/server/node_modules/mongoose/lib/query.js:2648:8)
    at model.Query.exec (/Volumes/Office/Mine/proposal-writer/server/node_modules/mongoose/lib/query.js:4548:80)
    at process.processTicksAndRejections (node:internal/process/task_queues:105:5)
    at async /Volumes/Office/Mine/proposal-writer/server/routes/proposals.js:43:22
2025-05-01 12:35:01 [[31merror[39m]: CastError: Cast to ObjectId failed for value "[object Object]" (type string) at path "_id" for model "Proposal"
    at SchemaObjectId.cast (/Volumes/Office/Mine/proposal-writer/server/node_modules/mongoose/lib/schema/objectId.js:251:11)
    at SchemaType.applySetters (/Volumes/Office/Mine/proposal-writer/server/node_modules/mongoose/lib/schemaType.js:1255:12)
    at SchemaType.castForQuery (/Volumes/Office/Mine/proposal-writer/server/node_modules/mongoose/lib/schemaType.js:1673:17)
    at cast (/Volumes/Office/Mine/proposal-writer/server/node_modules/mongoose/lib/cast.js:390:32)
    at Query.cast (/Volumes/Office/Mine/proposal-writer/server/node_modules/mongoose/lib/query.js:4999:12)
    at Query._castConditions (/Volumes/Office/Mine/proposal-writer/server/node_modules/mongoose/lib/query.js:2325:10)
    at model.Query._findOne (/Volumes/Office/Mine/proposal-writer/server/node_modules/mongoose/lib/query.js:2648:8)
    at model.Query.exec (/Volumes/Office/Mine/proposal-writer/server/node_modules/mongoose/lib/query.js:4548:80)
    at process.processTicksAndRejections (node:internal/process/task_queues:105:5)
    at async /Volumes/Office/Mine/proposal-writer/server/routes/proposals.js:43:22
2025-05-01 16:37:11 [[31merror[39m]: MongoServerSelectionError: getaddrinfo ENOTFOUND ac-sn3g2gr-shard-00-01.sq0iohb.mongodb.net
    at Topology.selectServer (/Volumes/Office/Mine/proposal-writer/server/node_modules/mongodb/lib/sdam/topology.js:321:38)
    at async tryOperation (/Volumes/Office/Mine/proposal-writer/server/node_modules/mongodb/lib/operations/execute_operation.js:192:22)
    at async executeOperation (/Volumes/Office/Mine/proposal-writer/server/node_modules/mongodb/lib/operations/execute_operation.js:75:16)
    at async FindCursor._initialize (/Volumes/Office/Mine/proposal-writer/server/node_modules/mongodb/lib/cursor/find_cursor.js:61:26)
    at async FindCursor.cursorInit (/Volumes/Office/Mine/proposal-writer/server/node_modules/mongodb/lib/cursor/abstract_cursor.js:633:27)
    at async FindCursor.fetchBatch (/Volumes/Office/Mine/proposal-writer/server/node_modules/mongodb/lib/cursor/abstract_cursor.js:667:13)
    at async FindCursor.next (/Volumes/Office/Mine/proposal-writer/server/node_modules/mongodb/lib/cursor/abstract_cursor.js:347:17)
    at async Collection.findOne (/Volumes/Office/Mine/proposal-writer/server/node_modules/mongodb/lib/collection.js:277:21)
    at async model.Query._findOne (/Volumes/Office/Mine/proposal-writer/server/node_modules/mongoose/lib/query.js:2661:15)
    at async model.Query.exec (/Volumes/Office/Mine/proposal-writer/server/node_modules/mongoose/lib/query.js:4548:63)
    at async /Volumes/Office/Mine/proposal-writer/server/routes/pricing.js:11:22
2025-05-01 16:37:14 [[31merror[39m]: MongoServerSelectionError: getaddrinfo ENOTFOUND ac-sn3g2gr-shard-00-01.sq0iohb.mongodb.net
    at Topology.selectServer (/Volumes/Office/Mine/proposal-writer/server/node_modules/mongodb/lib/sdam/topology.js:321:38)
    at async tryOperation (/Volumes/Office/Mine/proposal-writer/server/node_modules/mongodb/lib/operations/execute_operation.js:145:18)
    at async executeOperation (/Volumes/Office/Mine/proposal-writer/server/node_modules/mongodb/lib/operations/execute_operation.js:75:16)
    at async FindCursor._initialize (/Volumes/Office/Mine/proposal-writer/server/node_modules/mongodb/lib/cursor/find_cursor.js:61:26)
    at async FindCursor.cursorInit (/Volumes/Office/Mine/proposal-writer/server/node_modules/mongodb/lib/cursor/abstract_cursor.js:633:27)
    at async FindCursor.fetchBatch (/Volumes/Office/Mine/proposal-writer/server/node_modules/mongodb/lib/cursor/abstract_cursor.js:667:13)
    at async FindCursor.next (/Volumes/Office/Mine/proposal-writer/server/node_modules/mongodb/lib/cursor/abstract_cursor.js:347:17)
    at async [Symbol.asyncIterator] (/Volumes/Office/Mine/proposal-writer/server/node_modules/mongodb/lib/cursor/abstract_cursor.js:255:34)
    at async FindCursor.toArray (/Volumes/Office/Mine/proposal-writer/server/node_modules/mongodb/lib/cursor/abstract_cursor.js:427:26)
    at async model.Query._find (/Volumes/Office/Mine/proposal-writer/server/node_modules/mongoose/lib/query.js:2381:14)
    at async model.Query.exec (/Volumes/Office/Mine/proposal-writer/server/node_modules/mongoose/lib/query.js:4548:63)
    at async /Volumes/Office/Mine/proposal-writer/server/routes/proposals.js:14:23
2025-05-01 16:37:14 [[31merror[39m]: MongoServerSelectionError: getaddrinfo ENOTFOUND ac-sn3g2gr-shard-00-01.sq0iohb.mongodb.net
    at Topology.selectServer (/Volumes/Office/Mine/proposal-writer/server/node_modules/mongodb/lib/sdam/topology.js:321:38)
    at async tryOperation (/Volumes/Office/Mine/proposal-writer/server/node_modules/mongodb/lib/operations/execute_operation.js:145:18)
    at async executeOperation (/Volumes/Office/Mine/proposal-writer/server/node_modules/mongodb/lib/operations/execute_operation.js:75:16)
    at async FindCursor._initialize (/Volumes/Office/Mine/proposal-writer/server/node_modules/mongodb/lib/cursor/find_cursor.js:61:26)
    at async FindCursor.cursorInit (/Volumes/Office/Mine/proposal-writer/server/node_modules/mongodb/lib/cursor/abstract_cursor.js:633:27)
    at async FindCursor.fetchBatch (/Volumes/Office/Mine/proposal-writer/server/node_modules/mongodb/lib/cursor/abstract_cursor.js:667:13)
    at async FindCursor.next (/Volumes/Office/Mine/proposal-writer/server/node_modules/mongodb/lib/cursor/abstract_cursor.js:347:17)
    at async [Symbol.asyncIterator] (/Volumes/Office/Mine/proposal-writer/server/node_modules/mongodb/lib/cursor/abstract_cursor.js:255:34)
    at async FindCursor.toArray (/Volumes/Office/Mine/proposal-writer/server/node_modules/mongodb/lib/cursor/abstract_cursor.js:427:26)
    at async model.Query._find (/Volumes/Office/Mine/proposal-writer/server/node_modules/mongoose/lib/query.js:2381:14)
    at async model.Query.exec (/Volumes/Office/Mine/proposal-writer/server/node_modules/mongoose/lib/query.js:4548:63)
    at async /Volumes/Office/Mine/proposal-writer/server/routes/proposals.js:14:23
2025-05-01 18:20:21 [[31merror[39m]: ValidationError: Proposal validation failed: pricing.items.3.unitPrice: Path `unitPrice` is required., pricing.items.4.unitPrice: Path `unitPrice` is required.
    at Document.invalidate (/Volumes/Office/Mine/proposal-writer/server/node_modules/mongoose/lib/document.js:3343:32)
    at Subdocument.invalidate (/Volumes/Office/Mine/proposal-writer/server/node_modules/mongoose/lib/types/subdocument.js:229:12)
    at /Volumes/Office/Mine/proposal-writer/server/node_modules/mongoose/lib/document.js:3104:17
    at /Volumes/Office/Mine/proposal-writer/server/node_modules/mongoose/lib/schemaType.js:1407:9
    at process.processTicksAndRejections (node:internal/process/task_queues:85:11)
2025-05-01 18:36:56 [[31merror[39m]: Error: Deliverable 681318ede8f3ad4dd840a9c1 not found
    at /Volumes/Office/Mine/proposal-writer/server/models/Proposal.js:121:13
    at Proxy.forEach (<anonymous>)
    at model.<anonymous> (/Volumes/Office/Mine/proposal-writer/server/models/Proposal.js:119:22)
    at callMiddlewareFunction (/Volumes/Office/Mine/proposal-writer/server/node_modules/kareem/index.js:628:27)
    at model.next (/Volumes/Office/Mine/proposal-writer/server/node_modules/kareem/index.js:93:7)
    at _next (/Volumes/Office/Mine/proposal-writer/server/node_modules/kareem/index.js:146:10)
    at /Volumes/Office/Mine/proposal-writer/server/node_modules/kareem/index.js:653:30
    at process.processTicksAndRejections (node:internal/process/task_queues:85:11)
2025-05-01 18:37:21 [[31merror[39m]: Error: Deliverable 681318ede8f3ad4dd840a9c1 not found
    at /Volumes/Office/Mine/proposal-writer/server/models/Proposal.js:121:13
    at Proxy.forEach (<anonymous>)
    at model.<anonymous> (/Volumes/Office/Mine/proposal-writer/server/models/Proposal.js:119:22)
    at callMiddlewareFunction (/Volumes/Office/Mine/proposal-writer/server/node_modules/kareem/index.js:628:27)
    at model.next (/Volumes/Office/Mine/proposal-writer/server/node_modules/kareem/index.js:93:7)
    at _next (/Volumes/Office/Mine/proposal-writer/server/node_modules/kareem/index.js:146:10)
    at /Volumes/Office/Mine/proposal-writer/server/node_modules/kareem/index.js:653:30
    at process.processTicksAndRejections (node:internal/process/task_queues:85:11)
2025-05-01 19:51:12 [[31merror[39m]: ValidationError: Proposal validation failed: pricing.items.4.unitPrice: Path `unitPrice` is required.
    at Document.invalidate (/Volumes/Office/Mine/proposal-writer/server/node_modules/mongoose/lib/document.js:3343:32)
    at Subdocument.invalidate (/Volumes/Office/Mine/proposal-writer/server/node_modules/mongoose/lib/types/subdocument.js:229:12)
    at /Volumes/Office/Mine/proposal-writer/server/node_modules/mongoose/lib/document.js:3104:17
    at /Volumes/Office/Mine/proposal-writer/server/node_modules/mongoose/lib/schemaType.js:1407:9
    at process.processTicksAndRejections (node:internal/process/task_queues:85:11)
2025-05-01 19:51:44 [[31merror[39m]: ValidationError: Proposal validation failed: pricing.items.4.unitPrice: Path `unitPrice` is required.
    at Document.invalidate (/Volumes/Office/Mine/proposal-writer/server/node_modules/mongoose/lib/document.js:3343:32)
    at Subdocument.invalidate (/Volumes/Office/Mine/proposal-writer/server/node_modules/mongoose/lib/types/subdocument.js:229:12)
    at /Volumes/Office/Mine/proposal-writer/server/node_modules/mongoose/lib/document.js:3104:17
    at /Volumes/Office/Mine/proposal-writer/server/node_modules/mongoose/lib/schemaType.js:1407:9
    at process.processTicksAndRejections (node:internal/process/task_queues:85:11)
