2025-04-30 14:26:24 [[31merror[39m]: ReferenceError: auth is not defined
    at Object.<anonymous> (/Volumes/Office/Mine/proposal-writer/server/routes/auth.js:71:24)
    at Module._compile (node:internal/modules/cjs/loader:1723:14)
    at Object..js (node:internal/modules/cjs/loader:1888:10)
    at Module.load (node:internal/modules/cjs/loader:1458:32)
    at Function._load (node:internal/modules/cjs/loader:1275:12)
    at TracingChannel.traceSync (node:diagnostics_channel:322:14)
    at wrapModuleLoad (node:internal/modules/cjs/loader:234:24)
    at Module.require (node:internal/modules/cjs/loader:1480:12)
    at require (node:internal/modules/helpers:135:16)
    at Object.<anonymous> (/Volumes/Office/Mine/proposal-writer/server/index.js:6:20)
2025-04-30 14:49:24 [[31merror[39m]: ReferenceError: userSchema is not defined
    at Object.<anonymous> (/Volumes/Office/Mine/proposal-writer/server/models/User.js:34:1)
    at Module._compile (node:internal/modules/cjs/loader:1723:14)
    at Object..js (node:internal/modules/cjs/loader:1888:10)
    at Module.load (node:internal/modules/cjs/loader:1458:32)
    at Function._load (node:internal/modules/cjs/loader:1275:12)
    at TracingChannel.traceSync (node:diagnostics_channel:322:14)
    at wrapModuleLoad (node:internal/modules/cjs/loader:234:24)
    at Module.require (node:internal/modules/cjs/loader:1480:12)
    at require (node:internal/modules/helpers:135:16)
    at Object.<anonymous> (/Volumes/Office/Mine/proposal-writer/server/routes/auth.js:3:14)
2025-04-30 14:50:56 [[31merror[39m]: ReferenceError: userSchema is not defined
    at Object.<anonymous> (/Volumes/Office/Mine/proposal-writer/server/models/User.js:34:1)
    at Module._compile (node:internal/modules/cjs/loader:1723:14)
    at Object..js (node:internal/modules/cjs/loader:1888:10)
    at Module.load (node:internal/modules/cjs/loader:1458:32)
    at Function._load (node:internal/modules/cjs/loader:1275:12)
    at TracingChannel.traceSync (node:diagnostics_channel:322:14)
    at wrapModuleLoad (node:internal/modules/cjs/loader:234:24)
    at Module.require (node:internal/modules/cjs/loader:1480:12)
    at require (node:internal/modules/helpers:135:16)
    at Object.<anonymous> (/Volumes/Office/Mine/proposal-writer/server/routes/auth.js:3:14)
2025-04-30 15:04:08 [[31merror[39m]: ReferenceError: userSchema is not defined
    at Object.<anonymous> (/Volumes/Office/Mine/proposal-writer/server/models/User.js:34:1)
    at Module._compile (node:internal/modules/cjs/loader:1723:14)
    at Object..js (node:internal/modules/cjs/loader:1888:10)
    at Module.load (node:internal/modules/cjs/loader:1458:32)
    at Function._load (node:internal/modules/cjs/loader:1275:12)
    at TracingChannel.traceSync (node:diagnostics_channel:322:14)
    at wrapModuleLoad (node:internal/modules/cjs/loader:234:24)
    at Module.require (node:internal/modules/cjs/loader:1480:12)
    at require (node:internal/modules/helpers:135:16)
    at Object.<anonymous> (/Volumes/Office/Mine/proposal-writer/server/routes/auth.js:3:14)
2025-04-30 15:04:16 [[31merror[39m]: ReferenceError: userSchema is not defined
    at Object.<anonymous> (/Volumes/Office/Mine/proposal-writer/server/models/User.js:34:1)
    at Module._compile (node:internal/modules/cjs/loader:1723:14)
    at Object..js (node:internal/modules/cjs/loader:1888:10)
    at Module.load (node:internal/modules/cjs/loader:1458:32)
    at Function._load (node:internal/modules/cjs/loader:1275:12)
    at TracingChannel.traceSync (node:diagnostics_channel:322:14)
    at wrapModuleLoad (node:internal/modules/cjs/loader:234:24)
    at Module.require (node:internal/modules/cjs/loader:1480:12)
    at require (node:internal/modules/helpers:135:16)
    at Object.<anonymous> (/Volumes/Office/Mine/proposal-writer/server/routes/auth.js:3:14)
2025-04-30 15:04:30 [[31merror[39m]: ReferenceError: userSchema is not defined
    at Object.<anonymous> (/Volumes/Office/Mine/proposal-writer/server/models/User.js:34:1)
    at Module._compile (node:internal/modules/cjs/loader:1723:14)
    at Object..js (node:internal/modules/cjs/loader:1888:10)
    at Module.load (node:internal/modules/cjs/loader:1458:32)
    at Function._load (node:internal/modules/cjs/loader:1275:12)
    at TracingChannel.traceSync (node:diagnostics_channel:322:14)
    at wrapModuleLoad (node:internal/modules/cjs/loader:234:24)
    at Module.require (node:internal/modules/cjs/loader:1480:12)
    at require (node:internal/modules/helpers:135:16)
    at Object.<anonymous> (/Volumes/Office/Mine/proposal-writer/server/routes/auth.js:3:14)
2025-04-30 15:04:40 [[31merror[39m]: ReferenceError: userSchema is not defined
    at Object.<anonymous> (/Volumes/Office/Mine/proposal-writer/server/models/User.js:34:1)
    at Module._compile (node:internal/modules/cjs/loader:1723:14)
    at Object..js (node:internal/modules/cjs/loader:1888:10)
    at Module.load (node:internal/modules/cjs/loader:1458:32)
    at Function._load (node:internal/modules/cjs/loader:1275:12)
    at TracingChannel.traceSync (node:diagnostics_channel:322:14)
    at wrapModuleLoad (node:internal/modules/cjs/loader:234:24)
    at Module.require (node:internal/modules/cjs/loader:1480:12)
    at require (node:internal/modules/helpers:135:16)
    at Object.<anonymous> (/Volumes/Office/Mine/proposal-writer/server/routes/auth.js:3:14)
2025-04-30 15:04:53 [[31merror[39m]: ReferenceError: userSchema is not defined
    at Object.<anonymous> (/Volumes/Office/Mine/proposal-writer/server/models/User.js:34:1)
    at Module._compile (node:internal/modules/cjs/loader:1723:14)
    at Object..js (node:internal/modules/cjs/loader:1888:10)
    at Module.load (node:internal/modules/cjs/loader:1458:32)
    at Function._load (node:internal/modules/cjs/loader:1275:12)
    at TracingChannel.traceSync (node:diagnostics_channel:322:14)
    at wrapModuleLoad (node:internal/modules/cjs/loader:234:24)
    at Module.require (node:internal/modules/cjs/loader:1480:12)
    at require (node:internal/modules/helpers:135:16)
    at Object.<anonymous> (/Volumes/Office/Mine/proposal-writer/server/routes/auth.js:3:14)
2025-04-30 15:05:16 [[31merror[39m]: ReferenceError: userSchema is not defined
    at Object.<anonymous> (/Volumes/Office/Mine/proposal-writer/server/models/User.js:34:1)
    at Module._compile (node:internal/modules/cjs/loader:1723:14)
    at Object..js (node:internal/modules/cjs/loader:1888:10)
    at Module.load (node:internal/modules/cjs/loader:1458:32)
    at Function._load (node:internal/modules/cjs/loader:1275:12)
    at TracingChannel.traceSync (node:diagnostics_channel:322:14)
    at wrapModuleLoad (node:internal/modules/cjs/loader:234:24)
    at Module.require (node:internal/modules/cjs/loader:1480:12)
    at require (node:internal/modules/helpers:135:16)
    at Object.<anonymous> (/Volumes/Office/Mine/proposal-writer/server/routes/auth.js:3:14)
2025-04-30 16:42:44 [[31merror[39m]: /Volumes/Office/Mine/proposal-writer/server/routes/proposals.js:63
      { title: req.body.title, ,
                               ^

SyntaxError: Unexpected token ','
    at wrapSafe (node:internal/modules/cjs/loader:1655:18)
    at Module._compile (node:internal/modules/cjs/loader:1697:20)
    at Object..js (node:internal/modules/cjs/loader:1888:10)
    at Module.load (node:internal/modules/cjs/loader:1458:32)
    at Function._load (node:internal/modules/cjs/loader:1275:12)
    at TracingChannel.traceSync (node:diagnostics_channel:322:14)
    at wrapModuleLoad (node:internal/modules/cjs/loader:234:24)
    at Module.require (node:internal/modules/cjs/loader:1480:12)
    at require (node:internal/modules/helpers:135:16)
    at Object.<anonymous> (/Volumes/Office/Mine/proposal-writer/server/index.js:7:24)
2025-04-30 16:46:17 [[31merror[39m]: ReferenceError: userSchema is not defined
    at Object.<anonymous> (/Volumes/Office/Mine/proposal-writer/server/models/Proposal.js:148:1)
    at Module._compile (node:internal/modules/cjs/loader:1723:14)
    at Object..js (node:internal/modules/cjs/loader:1888:10)
    at Module.load (node:internal/modules/cjs/loader:1458:32)
    at Function._load (node:internal/modules/cjs/loader:1275:12)
    at TracingChannel.traceSync (node:diagnostics_channel:322:14)
    at wrapModuleLoad (node:internal/modules/cjs/loader:234:24)
    at Module.require (node:internal/modules/cjs/loader:1480:12)
    at require (node:internal/modules/helpers:135:16)
    at Object.<anonymous> (/Volumes/Office/Mine/proposal-writer/server/routes/proposals.js:5:18)
2025-04-30 16:46:51 [[31merror[39m]: ReferenceError: UserSchema is not defined
    at Object.<anonymous> (/Volumes/Office/Mine/proposal-writer/server/models/Proposal.js:148:1)
    at Module._compile (node:internal/modules/cjs/loader:1723:14)
    at Object..js (node:internal/modules/cjs/loader:1888:10)
    at Module.load (node:internal/modules/cjs/loader:1458:32)
    at Function._load (node:internal/modules/cjs/loader:1275:12)
    at TracingChannel.traceSync (node:diagnostics_channel:322:14)
    at wrapModuleLoad (node:internal/modules/cjs/loader:234:24)
    at Module.require (node:internal/modules/cjs/loader:1480:12)
    at require (node:internal/modules/helpers:135:16)
    at Object.<anonymous> (/Volumes/Office/Mine/proposal-writer/server/routes/proposals.js:5:18)
2025-04-30 16:47:17 [[31merror[39m]: ReferenceError: UserSchema is not defined
    at Object.<anonymous> (/Volumes/Office/Mine/proposal-writer/server/models/Proposal.js:148:1)
    at Module._compile (node:internal/modules/cjs/loader:1723:14)
    at Object..js (node:internal/modules/cjs/loader:1888:10)
    at Module.load (node:internal/modules/cjs/loader:1458:32)
    at Function._load (node:internal/modules/cjs/loader:1275:12)
    at TracingChannel.traceSync (node:diagnostics_channel:322:14)
    at wrapModuleLoad (node:internal/modules/cjs/loader:234:24)
    at Module.require (node:internal/modules/cjs/loader:1480:12)
    at require (node:internal/modules/helpers:135:16)
    at Object.<anonymous> (/Volumes/Office/Mine/proposal-writer/server/routes/proposals.js:5:18)
